[2026-02-03 05:10:39] === Health Check ===
[2026-02-03 05:10:45] [OK] Gateway running
[2026-02-03 05:10:45] [OK] Config backed to C:\Users\Administrator\.openclaw\openclaw.json.auto-backup-20260203-051045
[2026-02-03 05:10:45] [OK] Critical files present
[2026-02-03 05:10:45] [OK] MEMORY.md is a file
[2026-02-03 05:10:45] [OK] Temp files cleaned
[2026-02-03 05:10:45] [INFO] Check completed. Status: HEALTHY
[2026-02-03 05:11:20] === Health Check ===
[2026-02-03 05:11:23] [OK] Gateway running
[2026-02-03 05:11:23] [OK] Config backed to C:\Users\Administrator\.openclaw\openclaw.json.auto-backup-20260203-051123
[2026-02-03 05:11:23] [OK] Critical files present
[2026-02-03 05:11:23] [OK] MEMORY.md is a file
[2026-02-03 05:11:23] [OK] Temp files cleaned
[2026-02-03 05:11:23] === Auto Fix Mode ===
[2026-02-03 05:11:27] [INFO] Check completed. Status: HEALTHY
[2026-02-03 05:15:17] === Health Check ===
[2026-02-03 05:15:23] [OK] Gateway running
[2026-02-03 05:15:23] [OK] Config backed to C:\Users\Administrator\.openclaw\openclaw.json.auto-backup-20260203-051523
[2026-02-03 05:15:23] [OK] Critical files present
[2026-02-03 05:15:23] [OK] MEMORY.md is a file
[2026-02-03 05:15:23] [OK] Temp files cleaned
[2026-02-03 05:15:23] [INFO] Check completed. Status: HEALTHY
[2026-02-03 05:18:53] === Health Check ===
[2026-02-03 05:18:57] [OK] Gateway running
[2026-02-03 05:18:57] [OK] Config backed to C:\Users\Administrator\.openclaw\openclaw.json.auto-backup-20260203-051857
[2026-02-03 05:18:57] [OK] Critical files present
[2026-02-03 05:18:57] [OK] MEMORY.md is a file
[2026-02-03 05:18:57] [OK] Temp files cleaned
[2026-02-03 05:18:57] [INFO] Check completed. Status: HEALTHY
[2026-02-03 05:27:34] === Health Check ===
[2026-02-03 05:27:41] [OK] Gateway running
[2026-02-03 05:27:41] [OK] Config backed to C:\Users\Administrator\.openclaw\openclaw.json.auto-backup-20260203-052741
[2026-02-03 05:27:41] [OK] Critical files present
[2026-02-03 05:27:41] [OK] MEMORY.md is a file
[2026-02-03 05:27:41] [OK] Temp files cleaned
[2026-02-03 05:27:41] [INFO] Check completed. Status: HEALTHY
[2026-02-03 05:45:28] === Health Check ===
[2026-02-03 05:45:32] [OK] Gateway running
[2026-02-03 05:45:32] [OK] Config backed to C:\Users\Administrator\.openclaw\openclaw.json.auto-backup-20260203-054532
[2026-02-03 05:45:32] [OK] Critical files present
[2026-02-03 05:45:32] [OK] MEMORY.md is a file
[2026-02-03 05:45:32] [OK] Temp files cleaned
[2026-02-03 05:45:32] [INFO] Check completed. Status: HEALTHY
